{"name": "Проверка отображения заказов пользователя в \"Истории заказов\"", "status": "broken", "statusDetails": {"message": "selenium.common.exceptions.TimeoutException: Message: Элемент не найден по локатору - ['xpath', \"//li[last()]/a/div/p[@class='text text_type_digits-default']\"]\nStacktrace:\n\tGetHandleVerifier [0x003BE123+48179]\n\t(No symbol) [0x00345D01]\n\t(No symbol) [0x0022D72D]\n\t(No symbol) [0x0026572B]\n\t(No symbol) [0x0026586B]\n\t(No symbol) [0x0029C5B2]\n\t(No symbol) [0x00283CD4]\n\t(No symbol) [0x0029AA1E]\n\t(No symbol) [0x00283A26]\n\t(No symbol) [0x0025B7BC]\n\t(No symbol) [0x0025C62D]\n\tGetHandleVerifier [0x006D7C33+3299139]\n\tGetHandleVerifier [0x00715BF2+3553026]\n\tGetHandleVerifier [0x00710BCC+3532508]\n\tGetHandleVerifier [0x0045494E+664670]\n\t(No symbol) [0x00350AB4]\n\t(No symbol) [0x0034BF08]\n\t(No symbol) [0x0034C02D]\n\t(No symbol) [0x0033DD00]\n\tBaseThreadInitThunk [0x758BFCC9+25]\n\tRtlGetAppContainerNamedObjectPath [0x773A7C5E+286]\n\tRtlGetAppContainerNamedObjectPath [0x773A7C2E+238]", "trace": "self = <Diplom_3.tests.test_order_page.TestOrderPage object at 0x000001B02CE89EE0>, driver = <selenium.webdriver.chrome.webdriver.WebDriver (session=\"30eefa9326b5fd2d513ce8a7731c84e9\")>, email = 'test123test@mail.ru'\npassword = 'abrakadabra'\n\n    @allure.title('Проверка отображения заказов пользователя в \"Истории заказов\"')\n    def test_get_user_order_in_order_page(\n            self,\n            driver,\n            email=Constant.TEST_EMAIL,\n            password=Constant.TEST_PASSWORD\n    ):\n        order_page = OrderPage(driver)\n        # Открыть главную страницу сайта\n        order_page.go_to_site()\n        # Войти в аккаунт\n        order_page.get_site_as_login_user(email, password)\n        # Перейти в личный кабинет\n        order_page.get_profile_page()\n        # Перейти в раздел \"История заказов\" личного кабинета\n        order_page.move_to_order_history_page()\n        # Получить номер заказа пользователя\n>       user_number = order_page.get_number_user_order()\n\ntests\\test_order_page.py:43: \n_ _ _ _ _ _ _ _ _ _ _ _ _ _ _ _ _ _ _ _ _ _ _ _ _ _ _ _ _ _ _ _ _ _ _ _ _ _ _ _ _ _ _ _ _ _ _ _ _ _ _ _ _ _ _ _ _ _ _ _ _ _ _ _ _ _ _ _ _ _ _ _ _ _ _ _ _ _ _ _ _ _ _ _ _ _ _ _ _ _ _ _ _ _ _ _ _ _ _ _ _ _ _ _ _ _ _ _ _ _ _ _ _ _ _ _\npages\\order_page.py:55: in get_number_user_order\n    self.scroll_to_element(OrderPL.NUMBER_ORDER_IN_ORDERS)\npages\\base_page.py:71: in scroll_to_element\n    element = self.find_element_by_locator(locator, time)\npages\\base_page.py:21: in find_element_by_locator\n    return wait.until(EC.presence_of_element_located(locator),\n_ _ _ _ _ _ _ _ _ _ _ _ _ _ _ _ _ _ _ _ _ _ _ _ _ _ _ _ _ _ _ _ _ _ _ _ _ _ _ _ _ _ _ _ _ _ _ _ _ _ _ _ _ _ _ _ _ _ _ _ _ _ _ _ _ _ _ _ _ _ _ _ _ _ _ _ _ _ _ _ _ _ _ _ _ _ _ _ _ _ _ _ _ _ _ _ _ _ _ _ _ _ _ _ _ _ _ _ _ _ _ _ _ _ _ _\n\nself = <selenium.webdriver.support.wait.WebDriverWait (session=\"30eefa9326b5fd2d513ce8a7731c84e9\")>, method = <function presence_of_element_located.<locals>._predicate at 0x000001B02D939D30>\nmessage = 'Элемент не найден по локатору - [\\'xpath\\', \"//li[last()]/a/div/p[@class=\\'text text_type_digits-default\\']\"]'\n\n    def until(self, method: Callable[[D], Union[Literal[False], T]], message: str = \"\") -> T:\n        \"\"\"Calls the method provided with the driver as an argument until the \\\n        return value does not evaluate to ``False``.\n    \n        :param method: callable(WebDriver)\n        :param message: optional message for :exc:`TimeoutException`\n        :returns: the result of the last call to `method`\n        :raises: :exc:`selenium.common.exceptions.TimeoutException` if timeout occurs\n        \"\"\"\n        screen = None\n        stacktrace = None\n    \n        end_time = time.monotonic() + self._timeout\n        while True:\n            try:\n                value = method(self._driver)\n                if value:\n                    return value\n            except self._ignored_exceptions as exc:\n                screen = getattr(exc, \"screen\", None)\n                stacktrace = getattr(exc, \"stacktrace\", None)\n            time.sleep(self._poll)\n            if time.monotonic() > end_time:\n                break\n>       raise TimeoutException(message, screen, stacktrace)\nE       selenium.common.exceptions.TimeoutException: Message: Элемент не найден по локатору - ['xpath', \"//li[last()]/a/div/p[@class='text text_type_digits-default']\"]\nE       Stacktrace:\nE       \tGetHandleVerifier [0x003BE123+48179]\nE       \t(No symbol) [0x00345D01]\nE       \t(No symbol) [0x0022D72D]\nE       \t(No symbol) [0x0026572B]\nE       \t(No symbol) [0x0026586B]\nE       \t(No symbol) [0x0029C5B2]\nE       \t(No symbol) [0x00283CD4]\nE       \t(No symbol) [0x0029AA1E]\nE       \t(No symbol) [0x00283A26]\nE       \t(No symbol) [0x0025B7BC]\nE       \t(No symbol) [0x0025C62D]\nE       \tGetHandleVerifier [0x006D7C33+3299139]\nE       \tGetHandleVerifier [0x00715BF2+3553026]\nE       \tGetHandleVerifier [0x00710BCC+3532508]\nE       \tGetHandleVerifier [0x0045494E+664670]\nE       \t(No symbol) [0x00350AB4]\nE       \t(No symbol) [0x0034BF08]\nE       \t(No symbol) [0x0034C02D]\nE       \t(No symbol) [0x0033DD00]\nE       \tBaseThreadInitThunk [0x758BFCC9+25]\nE       \tRtlGetAppContainerNamedObjectPath [0x773A7C5E+286]\nE       \tRtlGetAppContainerNamedObjectPath [0x773A7C2E+238]\n\nvenv\\lib\\site-packages\\selenium\\webdriver\\support\\wait.py:105: TimeoutException"}, "steps": [{"name": "Открыть главную страницу \"Stellar Burgers\" https://stellarburgers.nomoreparties.site/", "status": "passed", "start": 1709307511288, "stop": 1709307512933}, {"name": "Зайти на сайт под залогиненным пользователем", "status": "passed", "steps": [{"name": "Перейти на страницу входа в аккаунт по кнопке на хедере", "status": "passed", "parameters": [{"name": "locator", "value": "('xpath', \"//p[text()='Личный Кабинет']\")"}], "start": 1709307512933, "stop": 1709307513130}, {"name": "Заполнить поля ввода \"Почта\" и \"Пароль\" для входа в аккаунт", "status": "passed", "parameters": [{"name": "locator1", "value": "('css selector', \"fieldset input[type='text']\")"}, {"name": "locator2", "value": "('css selector', \"fieldset input[type='password']\")"}, {"name": "email", "value": "'test123test@mail.ru'"}, {"name": "password", "value": "'abrakadabra'"}], "start": 1709307513131, "stop": 1709307513766}, {"name": "Перейти на главную страницу по кнопке \"Войти\" на странице входа в аккаунт", "status": "passed", "parameters": [{"name": "locator", "value": "('xpath', \"//button[text()='Войти']\")"}], "start": 1709307513766, "stop": 1709307513892}], "parameters": [{"name": "email", "value": "'test123test@mail.ru'"}, {"name": "password", "value": "'abrakadabra'"}, {"name": "locator1", "value": "('xpath', \"//p[text()='Личный Кабинет']\")"}, {"name": "locator2", "value": "('css selector', \"fieldset input[type='text']\")"}, {"name": "locator3", "value": "('css selector', \"fieldset input[type='password']\")"}, {"name": "locator4", "value": "('xpath', \"//button[text()='Войти']\")"}], "start": 1709307512933, "stop": 1709307513892}, {"name": "Перейти в личный кабинет кликом по кнопке на хедере", "status": "passed", "start": 1709307513892, "stop": 1709307514635}, {"name": "Перейти в раздел \"История заказов\" личного кабинета", "status": "passed", "start": 1709307514635, "stop": 1709307515312}, {"name": "Получить номер заказа пользователя", "status": "broken", "statusDetails": {"message": "selenium.common.exceptions.TimeoutException: Message: Элемент не найден по локатору - ['xpath', \"//li[last()]/a/div/p[@class='text text_type_digits-default']\"]\nStacktrace:\n\tGetHandleVerifier [0x003BE123+48179]\n\t(No symbol) [0x00345D01]\n\t(No symbol) [0x0022D72D]\n\t(No symbol) [0x0026572B]\n\t(No symbol) [0x0026586B]\n\t(No symbol) [0x0029C5B2]\n\t(No symbol) [0x00283CD4]\n\t(No symbol) [0x0029AA1E]\n\t(No symbol) [0x00283A26]\n\t(No symbol) [0x0025B7BC]\n\t(No symbol) [0x0025C62D]\n\tGetHandleVerifier [0x006D7C33+3299139]\n\tGetHandleVerifier [0x00715BF2+3553026]\n\tGetHandleVerifier [0x00710BCC+3532508]\n\tGetHandleVerifier [0x0045494E+664670]\n\t(No symbol) [0x00350AB4]\n\t(No symbol) [0x0034BF08]\n\t(No symbol) [0x0034C02D]\n\t(No symbol) [0x0033DD00]\n\tBaseThreadInitThunk [0x758BFCC9+25]\n\tRtlGetAppContainerNamedObjectPath [0x773A7C5E+286]\n\tRtlGetAppContainerNamedObjectPath [0x773A7C2E+238]\n\n", "trace": "  File \"D:\\Dev\\Diplom\\Diplom_3\\venv\\lib\\site-packages\\allure_commons\\_allure.py\", line 192, in impl\n    return func(*a, **kw)\n  File \"D:\\Dev\\Diplom\\Diplom_3\\pages\\order_page.py\", line 55, in get_number_user_order\n    self.scroll_to_element(OrderPL.NUMBER_ORDER_IN_ORDERS)\n  File \"D:\\Dev\\Diplom\\Diplom_3\\pages\\base_page.py\", line 71, in scroll_to_element\n    element = self.find_element_by_locator(locator, time)\n  File \"D:\\Dev\\Diplom\\Diplom_3\\pages\\base_page.py\", line 21, in find_element_by_locator\n    return wait.until(EC.presence_of_element_located(locator),\n  File \"D:\\Dev\\Diplom\\Diplom_3\\venv\\lib\\site-packages\\selenium\\webdriver\\support\\wait.py\", line 105, in until\n    raise TimeoutException(message, screen, stacktrace)\n"}, "start": 1709307515312, "stop": 1709307525693}], "parameters": [{"name": "driver", "value": "'chrome'"}], "start": 1709307511288, "stop": 1709307525695, "uuid": "c4c41a0f-4269-4ed8-84f7-7f3f95ff9ee6", "historyId": "b9a0c740968112a98f7c4922ef1f5712", "testCaseId": "632b5b17d2c54e525692938137591ed0", "fullName": "tests.test_order_page.TestOrderPage#test_get_user_order_in_order_page", "labels": [{"name": "parentSuite", "value": "tests"}, {"name": "suite", "value": "test_order_page"}, {"name": "subSuite", "value": "TestOrderPage"}, {"name": "host", "value": "DESKTOP-0EOUJEC"}, {"name": "thread", "value": "12204-MainThread"}, {"name": "framework", "value": "pytest"}, {"name": "language", "value": "cpython3"}, {"name": "package", "value": "tests.test_order_page"}]}