{"name": "Проверка увеличения счётчика \"Выполнено за сегодня\"", "status": "broken", "statusDetails": {"message": "selenium.common.exceptions.ElementClickInterceptedException: Message: element click intercepted: Element <button type=\"button\" class=\"Modal_modal__close_modified__3V5XS Modal_modal__close__TnseK\">...</button> is not clickable at point (1266, 204). Other element would receive the click: <div class=\"Modal_modal_overlay__x2ZCr\"></div>\n  (Session info: chrome=121.0.6167.189)\nStacktrace:\n\tGetHandleVerifier [0x0111E123+48179]\n\t(No symbol) [0x010A5D01]\n\t(No symbol) [0x00F8D72D]\n\t(No symbol) [0x00FCAF2B]\n\t(No symbol) [0x00FC9637]\n\t(No symbol) [0x00FC768B]\n\t(No symbol) [0x00FC6826]\n\t(No symbol) [0x00FBD770]\n\t(No symbol) [0x00FE3C8C]\n\t(No symbol) [0x00FBD1AE]\n\t(No symbol) [0x00FE3F24]\n\t(No symbol) [0x00FFAA1E]\n\t(No symbol) [0x00FE3A26]\n\t(No symbol) [0x00FBB7BC]\n\t(No symbol) [0x00FBC62D]\n\tGetHandleVerifier [0x01437C33+3299139]\n\tGetHandleVerifier [0x01475BF2+3553026]\n\tGetHandleVerifier [0x01470BCC+3532508]\n\tGetHandleVerifier [0x011B494E+664670]\n\t(No symbol) [0x010B0AB4]\n\t(No symbol) [0x010ABF08]\n\t(No symbol) [0x010AC02D]\n\t(No symbol) [0x0109DD00]\n\tBaseThreadInitThunk [0x758BFCC9+25]\n\tRtlGetAppContainerNamedObjectPath [0x773A7C5E+286]\n\tRtlGetAppContainerNamedObjectPath [0x773A7C2E+238]", "trace": "self = <Diplom_3.tests.test_order_page.TestOrderPage object at 0x00000170A6F111C0>, driver = <selenium.webdriver.chrome.webdriver.WebDriver (session=\"fe17e8663377474439493f396e2de0bf\")>, email = 'test123test@mail.ru'\npassword = 'abrakadabra', element = ('xpath', \"//img[@alt='Флюоресцентная булка R2-D3']\"), target = ('xpath', \"//ul[@class='BurgerConstructor_basket__list__l9dp_']\")\n\n    @allure.title('Проверка увеличения счётчика \"Выполнено за сегодня\"')\n    def test_increase_counter_orders_today(\n            self,\n            driver,\n            email=Constant.TEST_EMAIL,\n            password=Constant.TEST_PASSWORD,\n            element=MainPL.FIRST_INGREDIENT,\n            target=MainPL.PLACE_ORDER\n    ):\n        order_page = OrderPage(driver)\n        # Открыть главную страницу сайта\n        order_page.go_to_site()\n        # Перейти на страницу заказов по кнопке на хедере\n        order_page.get_order_page_by_button_on_header()\n        # Получить количество заказов за сегодня\n        count_before = order_page.get_count_orders_today()\n        # Войти в аккаунт\n        order_page.get_site_as_login_user(email, password)\n        # Сделать заказ\n        order_page.get_order(element, target)\n        # Закрыть всплывающее окно\n>       order_page.close_order_window()\n\ntests\\test_order_page.py:100: \n_ _ _ _ _ _ _ _ _ _ _ _ _ _ _ _ _ _ _ _ _ _ _ _ _ _ _ _ _ _ _ _ _ _ _ _ _ _ _ _ _ _ _ _ _ _ _ _ _ _ _ _ _ _ _ _ _ _ _ _ _ _ _ _ _ _ _ _ _ _ _ _ _ _ _ _ _ _ _ _ _ _ _ _ _ _ _ _ _ _ _ _ _ _ _ _ _ _ _ _ _ _ _ _ _ _ _ _ _ _ _ _ _ _ _ _\npages\\order_page.py:90: in close_order_window\n    self.find_element_by_locator_and_click(MainPL.X_CLOSE_WINDOW)\npages\\base_page.py:31: in find_element_by_locator_and_click\n    return wait.until(EC.element_to_be_clickable(locator),\nvenv\\lib\\site-packages\\selenium\\webdriver\\remote\\webelement.py:94: in click\n    self._execute(Command.CLICK_ELEMENT)\nvenv\\lib\\site-packages\\selenium\\webdriver\\remote\\webelement.py:395: in _execute\n    return self._parent.execute(command, params)\nvenv\\lib\\site-packages\\selenium\\webdriver\\remote\\webdriver.py:347: in execute\n    self.error_handler.check_response(response)\n_ _ _ _ _ _ _ _ _ _ _ _ _ _ _ _ _ _ _ _ _ _ _ _ _ _ _ _ _ _ _ _ _ _ _ _ _ _ _ _ _ _ _ _ _ _ _ _ _ _ _ _ _ _ _ _ _ _ _ _ _ _ _ _ _ _ _ _ _ _ _ _ _ _ _ _ _ _ _ _ _ _ _ _ _ _ _ _ _ _ _ _ _ _ _ _ _ _ _ _ _ _ _ _ _ _ _ _ _ _ _ _ _ _ _ _\n\nself = <selenium.webdriver.remote.errorhandler.ErrorHandler object at 0x00000170A4C6C730>\nresponse = {'status': 400, 'value': '{\"value\":{\"error\":\"element click intercepted\",\"message\":\"element click intercepted: Element ...\\n\\\\tRtlGetAppContainerNamedObjectPath [0x773A7C5E+286]\\\\n\\\\tRtlGetAppContainerNamedObjectPath [0x773A7C2E+238]\\\\n\"}}'}\n\n    def check_response(self, response: Dict[str, Any]) -> None:\n        \"\"\"Checks that a JSON response from the WebDriver does not have an\n        error.\n    \n        :Args:\n         - response - The JSON response from the WebDriver server as a dictionary\n           object.\n    \n        :Raises: If the response contains an error message.\n        \"\"\"\n        status = response.get(\"status\", None)\n        if not status or status == ErrorCode.SUCCESS:\n            return\n        value = None\n        message = response.get(\"message\", \"\")\n        screen: str = response.get(\"screen\", \"\")\n        stacktrace = None\n        if isinstance(status, int):\n            value_json = response.get(\"value\", None)\n            if value_json and isinstance(value_json, str):\n                import json\n    \n                try:\n                    value = json.loads(value_json)\n                    if len(value) == 1:\n                        value = value[\"value\"]\n                    status = value.get(\"error\", None)\n                    if not status:\n                        status = value.get(\"status\", ErrorCode.UNKNOWN_ERROR)\n                        message = value.get(\"value\") or value.get(\"message\")\n                        if not isinstance(message, str):\n                            value = message\n                            message = message.get(\"message\")\n                    else:\n                        message = value.get(\"message\", None)\n                except ValueError:\n                    pass\n    \n        exception_class: Type[WebDriverException]\n        e = ErrorCode()\n        error_codes = [item for item in dir(e) if not item.startswith(\"__\")]\n        for error_code in error_codes:\n            error_info = getattr(ErrorCode, error_code)\n            if isinstance(error_info, list) and status in error_info:\n                exception_class = getattr(ExceptionMapping, error_code, WebDriverException)\n                break\n        else:\n            exception_class = WebDriverException\n    \n        if not value:\n            value = response[\"value\"]\n        if isinstance(value, str):\n            raise exception_class(value)\n        if message == \"\" and \"message\" in value:\n            message = value[\"message\"]\n    \n        screen = None  # type: ignore[assignment]\n        if \"screen\" in value:\n            screen = value[\"screen\"]\n    \n        stacktrace = None\n        st_value = value.get(\"stackTrace\") or value.get(\"stacktrace\")\n        if st_value:\n            if isinstance(st_value, str):\n                stacktrace = st_value.split(\"\\n\")\n            else:\n                stacktrace = []\n                try:\n                    for frame in st_value:\n                        line = frame.get(\"lineNumber\", \"\")\n                        file = frame.get(\"fileName\", \"<anonymous>\")\n                        if line:\n                            file = f\"{file}:{line}\"\n                        meth = frame.get(\"methodName\", \"<anonymous>\")\n                        if \"className\" in frame:\n                            meth = f\"{frame['className']}.{meth}\"\n                        msg = \"    at %s (%s)\"\n                        msg = msg % (meth, file)\n                        stacktrace.append(msg)\n                except TypeError:\n                    pass\n        if exception_class == UnexpectedAlertPresentException:\n            alert_text = None\n            if \"data\" in value:\n                alert_text = value[\"data\"].get(\"text\")\n            elif \"alert\" in value:\n                alert_text = value[\"alert\"].get(\"text\")\n            raise exception_class(message, screen, stacktrace, alert_text)  # type: ignore[call-arg]  # mypy is not smart enough here\n>       raise exception_class(message, screen, stacktrace)\nE       selenium.common.exceptions.ElementClickInterceptedException: Message: element click intercepted: Element <button type=\"button\" class=\"Modal_modal__close_modified__3V5XS Modal_modal__close__TnseK\">...</button> is not clickable at point (1266, 204). Other element would receive the click: <div class=\"Modal_modal_overlay__x2ZCr\"></div>\nE         (Session info: chrome=121.0.6167.189)\nE       Stacktrace:\nE       \tGetHandleVerifier [0x0111E123+48179]\nE       \t(No symbol) [0x010A5D01]\nE       \t(No symbol) [0x00F8D72D]\nE       \t(No symbol) [0x00FCAF2B]\nE       \t(No symbol) [0x00FC9637]\nE       \t(No symbol) [0x00FC768B]\nE       \t(No symbol) [0x00FC6826]\nE       \t(No symbol) [0x00FBD770]\nE       \t(No symbol) [0x00FE3C8C]\nE       \t(No symbol) [0x00FBD1AE]\nE       \t(No symbol) [0x00FE3F24]\nE       \t(No symbol) [0x00FFAA1E]\nE       \t(No symbol) [0x00FE3A26]\nE       \t(No symbol) [0x00FBB7BC]\nE       \t(No symbol) [0x00FBC62D]\nE       \tGetHandleVerifier [0x01437C33+3299139]\nE       \tGetHandleVerifier [0x01475BF2+3553026]\nE       \tGetHandleVerifier [0x01470BCC+3532508]\nE       \tGetHandleVerifier [0x011B494E+664670]\nE       \t(No symbol) [0x010B0AB4]\nE       \t(No symbol) [0x010ABF08]\nE       \t(No symbol) [0x010AC02D]\nE       \t(No symbol) [0x0109DD00]\nE       \tBaseThreadInitThunk [0x758BFCC9+25]\nE       \tRtlGetAppContainerNamedObjectPath [0x773A7C5E+286]\nE       \tRtlGetAppContainerNamedObjectPath [0x773A7C2E+238]\n\nvenv\\lib\\site-packages\\selenium\\webdriver\\remote\\errorhandler.py:229: ElementClickInterceptedException"}, "steps": [{"name": "Открыть главную страницу \"Stellar Burgers\" https://stellarburgers.nomoreparties.site/", "status": "passed", "start": 1709148482074, "stop": 1709148483288}, {"name": "Перейти на страницу заказов по кнопке \"Лента заказов\" на хедере", "status": "passed", "start": 1709148483293, "stop": 1709148483458}, {"name": "Получить количество заказов за сегодня", "status": "passed", "start": 1709148483458, "stop": 1709148484022}, {"name": "Зайти на сайт под залогиненным пользователем", "status": "passed", "steps": [{"name": "Перейти на страницу входа в аккаунт по кнопке на хедере", "status": "passed", "parameters": [{"name": "locator", "value": "('xpath', \"//p[text()='Личный Кабинет']\")"}], "start": 1709148484023, "stop": 1709148484141}, {"name": "Заполнить поля ввода \"Почта\" и \"Пароль\" для входа в аккаунт", "status": "passed", "parameters": [{"name": "locator1", "value": "('css selector', \"fieldset input[type='text']\")"}, {"name": "locator2", "value": "('css selector', \"fieldset input[type='password']\")"}, {"name": "email", "value": "'test123test@mail.ru'"}, {"name": "password", "value": "'abrakadabra'"}], "start": 1709148484141, "stop": 1709148484414}, {"name": "Перейти на главную страницу по кнопке \"Войти\" на странице входа в аккаунт", "status": "passed", "parameters": [{"name": "locator", "value": "('xpath', \"//button[text()='Войти']\")"}], "start": 1709148484414, "stop": 1709148484507}], "parameters": [{"name": "email", "value": "'test123test@mail.ru'"}, {"name": "password", "value": "'abrakadabra'"}, {"name": "locator1", "value": "('xpath', \"//p[text()='Личный Кабинет']\")"}, {"name": "locator2", "value": "('css selector', \"fieldset input[type='text']\")"}, {"name": "locator3", "value": "('css selector', \"fieldset input[type='password']\")"}, {"name": "locator4", "value": "('xpath', \"//button[text()='Войти']\")"}], "start": 1709148484022, "stop": 1709148484507}, {"name": "Сделать заказ", "status": "passed", "steps": [{"name": "Добавить ингредиент в заказ", "status": "passed", "parameters": [{"name": "element", "value": "('xpath', \"//img[@alt='Флюоресцентная булка R2-D3']\")"}, {"name": "target", "value": "('xpath', \"//ul[@class='BurgerConstructor_basket__list__l9dp_']\")"}], "start": 1709148484507, "stop": 1709148485639}, {"name": "Нажать на кнопку \"Оформить заказ\"", "status": "passed", "start": 1709148485639, "stop": 1709148485731}], "parameters": [{"name": "element", "value": "('xpath', \"//img[@alt='Флюоресцентная булка R2-D3']\")"}, {"name": "target", "value": "('xpath', \"//ul[@class='BurgerConstructor_basket__list__l9dp_']\")"}], "start": 1709148484507, "stop": 1709148485731}, {"name": "Закрыть всплывающее окно", "status": "broken", "statusDetails": {"message": "selenium.common.exceptions.ElementClickInterceptedException: Message: element click intercepted: Element <button type=\"button\" class=\"Modal_modal__close_modified__3V5XS Modal_modal__close__TnseK\">...</button> is not clickable at point (1266, 204). Other element would receive the click: <div class=\"Modal_modal_overlay__x2ZCr\"></div>\n  (Session info: chrome=121.0.6167.189)\nStacktrace:\n\tGetHandleVerifier [0x0111E123+48179]\n\t(No symbol) [0x010A5D01]\n\t(No symbol) [0x00F8D72D]\n\t(No symbol) [0x00FCAF2B]\n\t(No symbol) [0x00FC9637]\n\t(No symbol) [0x00FC768B]\n\t(No symbol) [0x00FC6826]\n\t(No symbol) [0x00FBD770]\n\t(No symbol) [0x00FE3C8C]\n\t(No symbol) [0x00FBD1AE]\n\t(No symbol) [0x00FE3F24]\n\t(No symbol) [0x00FFAA1E]\n\t(No symbol) [0x00FE3A26]\n\t(No symbol) [0x00FBB7BC]\n\t(No symbol) [0x00FBC62D]\n\tGetHandleVerifier [0x01437C33+3299139]\n\tGetHandleVerifier [0x01475BF2+3553026]\n\tGetHandleVerifier [0x01470BCC+3532508]\n\tGetHandleVerifier [0x011B494E+664670]\n\t(No symbol) [0x010B0AB4]\n\t(No symbol) [0x010ABF08]\n\t(No symbol) [0x010AC02D]\n\t(No symbol) [0x0109DD00]\n\tBaseThreadInitThunk [0x758BFCC9+25]\n\tRtlGetAppContainerNamedObjectPath [0x773A7C5E+286]\n\tRtlGetAppContainerNamedObjectPath [0x773A7C2E+238]\n\n", "trace": "  File \"D:\\Dev\\Diplom\\Diplom_3\\venv\\lib\\site-packages\\allure_commons\\_allure.py\", line 192, in impl\n    return func(*a, **kw)\n  File \"D:\\Dev\\Diplom\\Diplom_3\\pages\\order_page.py\", line 90, in close_order_window\n    self.find_element_by_locator_and_click(MainPL.X_CLOSE_WINDOW)\n  File \"D:\\Dev\\Diplom\\Diplom_3\\pages\\base_page.py\", line 31, in find_element_by_locator_and_click\n    return wait.until(EC.element_to_be_clickable(locator),\n  File \"D:\\Dev\\Diplom\\Diplom_3\\venv\\lib\\site-packages\\selenium\\webdriver\\remote\\webelement.py\", line 94, in click\n    self._execute(Command.CLICK_ELEMENT)\n  File \"D:\\Dev\\Diplom\\Diplom_3\\venv\\lib\\site-packages\\selenium\\webdriver\\remote\\webelement.py\", line 395, in _execute\n    return self._parent.execute(command, params)\n  File \"D:\\Dev\\Diplom\\Diplom_3\\venv\\lib\\site-packages\\selenium\\webdriver\\remote\\webdriver.py\", line 347, in execute\n    self.error_handler.check_response(response)\n  File \"D:\\Dev\\Diplom\\Diplom_3\\venv\\lib\\site-packages\\selenium\\webdriver\\remote\\errorhandler.py\", line 229, in check_response\n    raise exception_class(message, screen, stacktrace)\n"}, "start": 1709148485732, "stop": 1709148486836}], "parameters": [{"name": "driver", "value": "'chrome'"}], "start": 1709148482073, "stop": 1709148486836, "uuid": "ddd555cb-2743-46ef-8de8-4ff444e55573", "historyId": "9a03ec34bcc953c8ec7daf66ef2aa806", "testCaseId": "c724b0fbfb01455df693022983f1244d", "fullName": "tests.test_order_page.TestOrderPage#test_increase_counter_orders_today", "labels": [{"name": "parentSuite", "value": "tests"}, {"name": "suite", "value": "test_order_page"}, {"name": "subSuite", "value": "TestOrderPage"}, {"name": "host", "value": "DESKTOP-0EOUJEC"}, {"name": "thread", "value": "12436-MainThread"}, {"name": "framework", "value": "pytest"}, {"name": "language", "value": "cpython3"}, {"name": "package", "value": "tests.test_order_page"}]}